<?xml version="1.0" encoding="UTF-8"?>
<!-- Generated by org.testng.reporters.JUnitReportReporter -->
<testsuite skipped="0" hostname="GS-5241" name="apiTest.UserTest" tests="1" failures="0" timestamp="21 Mar 2020 06:28:54 GMT" time="7.143" errors="0">
  <testcase name="userIdAsPrefixZero" time="7.143" classname="apiTest.UserTest"/>
</testsuite> <!-- apiTest.UserTest -->
