<?xml version="1.0" encoding="UTF-8"?>
<!-- Generated by org.testng.reporters.JUnitReportReporter -->
<testsuite skipped="0" hostname="DESKTOP-23FCP2N" name="com.Assignment.api.MoviesTest" tests="2" failures="0" timestamp="20 Oct 2019 01:09:44 GMT" time="5.263" errors="0">
  <testcase name="checkMovieAuth" time="2.670" classname="com.Assignment.api.MoviesTest"/>
  <testcase name="verifyTrilogy" time="2.593" classname="com.Assignment.api.MoviesTest"/>
</testsuite> <!-- com.Assignment.api.MoviesTest -->
