<?xml version="1.0" encoding="UTF-8"?>
<!-- Generated by org.testng.reporters.JUnitReportReporter -->
<testsuite skipped="0" hostname="DESKTOP-23FCP2N" name="com.Assignment.api.BookTest" tests="1" failures="0" timestamp="19 Oct 2019 18:00:21 GMT" time="3.241" errors="0">
  <testcase name="countBooks" time="3.241" classname="com.Assignment.api.BookTest"/>
</testsuite> <!-- com.Assignment.api.BookTest -->
