<?xml version="1.0" encoding="UTF-8"?>
<!-- Generated by org.testng.reporters.JUnitReportReporter -->
<testsuite skipped="0" hostname="GS-5241" name="apiTest.UserTest" tests="1" failures="0" timestamp="20 Mar 2020 06:13:28 GMT" time="5.226" errors="0">
  <testcase name="userIdAsSpecialChar" time="5.226" classname="apiTest.UserTest"/>
</testsuite> <!-- apiTest.UserTest -->
