<?xml version="1.0" encoding="UTF-8"?>
<!-- Generated by org.testng.reporters.JUnitReportReporter -->
<testsuite skipped="0" hostname="DESKTOP-23FCP2N" name="apiTest.MoviesTest" tests="2" failures="0" timestamp="20 Oct 2019 02:17:30 GMT" time="1.906" errors="0">
  <testcase name="checkMovieAuth" time="1.047" classname="apiTest.MoviesTest"/>
  <testcase name="verifyTrilogy" time="0.859" classname="apiTest.MoviesTest"/>
</testsuite> <!-- apiTest.MoviesTest -->
