<?xml version="1.0" encoding="UTF-8"?>
<!-- Generated by org.testng.reporters.JUnitReportReporter -->
<testsuite skipped="0" hostname="DESKTOP-23FCP2N" name="apiTest.QuotesTest" tests="2" failures="0" timestamp="20 Oct 2019 02:17:30 GMT" time="4.035" errors="0">
  <testcase name="NonLotrMoviesQuotes" time="1.495" classname="apiTest.QuotesTest"/>
  <testcase name="LotrQuotes" time="2.540" classname="apiTest.QuotesTest"/>
</testsuite> <!-- apiTest.QuotesTest -->
